<?xml version="1.0" encoding="UTF-8"?>

<beans xmlns:xsi="http://www.w3.org/2001/XMLSchema-instance"
       xmlns:p="http://www.springframework.org/schema/p"
       xmlns:context="http://www.springframework.org/schema/context"
       xmlns="http://www.springframework.org/schema/beans"
       xmlns:jpa="http://www.springframework.org/schema/data/jpa"
       xmlns:tx="http://www.springframework.org/schema/tx"
       xmlns:jdbc="http://www.springframework.org/schema/jdbc"
       xsi:schemaLocation="http://www.springframework.org/schema/beans
        http://www.springframework.org/schema/beans/spring-beans-3.0.xsd
        http://www.springframework.org/schema/context
        http://www.springframework.org/schema/context/spring-context.xsd
        http://www.springframework.org/schema/data/jpa
        http://www.springframework.org/schema/data/jpa/spring-jpa.xsd
        http://www.springframework.org/schema/tx
        http://www.springframework.org/schema/tx/spring-tx.xsd
        http://www.springframework.org/schema/jdbc
        http://www.springframework.org/schema/jdbc/spring-jdbc.xsd">

    <context:property-placeholder location="classpath*:test-app.properties"/>

    <bean id="dataSource" class="org.h2.jdbcx.JdbcDataSource"
          p:URL="${db.url}"
          p:user="${db.username}"
          p:password="${db.password}"/>

    <bean name="sessionFactory"
          class="org.springframework.orm.hibernate5.LocalSessionFactoryBean"
          p:configLocation="classpath:test-hibernate.cfg.xml"
          p:dataSource-ref="dataSource"
          p:packagesToScan="com.zhytnik.shop"
          p:entityInterceptor-ref="interceptor"/>

    <bean id="transactionManager"
          class="org.springframework.orm.hibernate5.HibernateTransactionManager"
          p:sessionFactory-ref="sessionFactory"/>

    <tx:annotation-driven transaction-manager="transactionManager"/>

    <context:component-scan base-package="com.zhytnik.shop"/>

    <bean name="domainObjectUtil"
          class="com.zhytnik.shop.domain.DomainObjectUtil"
          lazy-init="false"
          p:dataSource-ref="dataSource"/>

    <bean name="interceptor" class="com.zhytnik.shop.backend.tool.EntityInterceptor"
          p:domainObjectUtil-ref="domainObjectUtil"/>

    <jpa:repositories base-package="com.zhytnik.shop.backend.repository"/>

    <bean id="entityManagerFactory"
          class="org.springframework.orm.jpa.LocalContainerEntityManagerFactoryBean"
          p:dataSource-ref="dataSource"
          p:jpaDialect-ref="jpaDialect"
          p:jpaVendorAdapter-ref="jpaVendorAdapter"
          p:packagesToScan="com.zhytnik.shop"/>

    <bean id="jpaVendorAdapter"
          class="org.springframework.orm.jpa.vendor.HibernateJpaVendorAdapter"
          p:database="ORACLE" p:databasePlatform="org.hibernate.dialect.Oracle10gDialect"/>

    <bean id="jpaDialect" class="org.springframework.orm.jpa.vendor.HibernateJpaDialect"/>

    <bean id="wordReader" class="com.zhytnik.shop.backend.validator.util.WordReader"
          p:file="${file.keywords}"/>

    <bean id="nameValidator" class="com.zhytnik.shop.backend.validator.NameValidator"
          p:reservedWords="#{wordReader.read()}"/>

    <bean id="typeValidator" class="com.zhytnik.shop.backend.validator.DynamicTypeValidator"
          p:nameValidator-ref="nameValidator"/>

    <bean id="productValidator" class="com.zhytnik.shop.backend.validator.ProductValidator"
          p:dynamicValidator-ref="typeValidator"/>

    <bean id="template" class="org.springframework.jdbc.core.JdbcTemplate"
          p:dataSource-ref="dataSource"/>

    <bean id="dialect" class="${db.dialect}"/>

    <bean id="databaseUtil" class="com.zhytnik.shop.backend.tool.DatabaseUtil"
          p:dataSource-ref="dataSource" p:dialect-ref="dialect"/>

    <jdbc:initialize-database>
        <jdbc:script location="classpath:scripts/scripts.sql"/>
    </jdbc:initialize-database>
</beans>