<?xml version="1.0" encoding="UTF-8"?>

<beans xmlns:xsi="http://www.w3.org/2001/XMLSchema-instance"
       xmlns="http://www.springframework.org/schema/beans"
       xmlns:p="http://www.springframework.org/schema/p"
       xmlns:context="http://www.springframework.org/schema/context"
       xsi:schemaLocation="http://www.springframework.org/schema/beans
       http://www.springframework.org/schema/beans/spring-beans-3.0.xsd
       http://www.springframework.org/schema/context
       http://www.springframework.org/schema/context/spring-context.xsd"
       default-lazy-init="true">

    <import resource="jpa-context.xml"/>
    <context:property-placeholder location="classpath*:test-app.properties"/>

    <bean id="wordReader" class="com.zhytnik.shop.backend.validator.util.WordReader"
          p:file="${file.keywords}"/>

    <bean id="nameValidator" class="com.zhytnik.shop.backend.validator.NameValidator"
          p:reservedWords="#{wordReader.read()}"/>

    <bean id="typeValidator" class="com.zhytnik.shop.backend.validator.DynamicTypeValidator"
          p:nameValidator-ref="nameValidator"/>

    <bean id="productValidator" class="com.zhytnik.shop.backend.validator.ProductValidator"
          p:dynamicValidator-ref="typeValidator"/>

    <bean id="template" class="org.springframework.jdbc.core.JdbcTemplate"
          p:dataSource-ref="dataSource"/>
</beans>