<?xml version="1.0" encoding="utf-8"?>
<!DOCTYPE hibernate-configuration SYSTEM "http://www.hibernate.org/dtd/hibernate-configuration-3.0.dtd">
<hibernate-configuration>
    <session-factory>
        <property name="hibernate.dialect">org.hibernate.dialect.H2Dialect</property>
        <property name="show_sql">true</property>
        <property name="format_sql">true</property>
        <property name="hbm2ddl.auto">create</property>
        <property name="connection.pool_size">2</property>
        <property name="hibernate.bytecode.use_reflection_optimizer">true</property>
        <property name="hibernate.ejb.naming_strategy">org.hibernate.cfg.EJB3NamingStrategy</property>
    </session-factory>
</hibernate-configuration>